{"level":"warn","message":"Using a generated session secret. Set SESSION_SECRET in production!","timestamp":"2025-05-04T05:08:59.942Z"}
{"level":"info","message":"Server is running on port 3000","timestamp":"2025-05-04T05:09:09.505Z"}
{"level":"warn","message":"Using a generated session secret. Set SESSION_SECRET in production!","timestamp":"2025-05-04T05:16:39.283Z"}
{"level":"info","message":"Server is running on port 3000","timestamp":"2025-05-04T05:16:45.106Z"}
{"level":"warn","message":"Using a generated session secret. Set SESSION_SECRET in production!","timestamp":"2025-05-04T05:19:54.536Z"}
{"level":"info","message":"Server is running on port 3000","timestamp":"2025-05-04T05:20:05.032Z"}
{"level":"warn","message":"Using a generated session secret. Set SESSION_SECRET in production!","timestamp":"2025-05-04T05:24:49.354Z"}
{"level":"info","message":"Server is running on port 3000","timestamp":"2025-05-04T05:24:56.863Z"}
{"level":"error","message":"Unhandled error Cannot find module 'ejs'\nRequire stack:\n- E:\\Documents\\London Pages\\Website\\creator\\node_modules\\express\\lib\\view.js\n- E:\\Documents\\London Pages\\Website\\creator\\node_modules\\express\\lib\\application.js\n- E:\\Documents\\London Pages\\Website\\creator\\node_modules\\express\\lib\\express.js\n- E:\\Documents\\London Pages\\Website\\creator\\node_modules\\express\\index.js\n- E:\\Documents\\London Pages\\Website\\creator\\server.js","timestamp":"2025-05-04T05:25:00.213Z"}
{"level":"warn","message":"Using a generated session secret. Set SESSION_SECRET in production!","timestamp":"2025-05-04T05:25:59.505Z"}
{"level":"info","message":"Server is running on port 3000","timestamp":"2025-05-04T05:26:08.820Z"}
{"level":"error","message":"Unhandled error Failed to lookup view \"index\" in views directory \"E:\\Documents\\London Pages\\Website\\creator\\views\"","timestamp":"2025-05-04T05:26:09.504Z"}
{"level":"warn","message":"Using a generated session secret. Set SESSION_SECRET in production!","timestamp":"2025-05-04T05:26:48.095Z"}
{"level":"info","message":"Server is running on port 3000","timestamp":"2025-05-04T05:26:54.657Z"}
{"level":"error","message":"Unhandled error Cannot find module 'html'\nRequire stack:\n- E:\\Documents\\London Pages\\Website\\creator\\node_modules\\express\\lib\\view.js\n- E:\\Documents\\London Pages\\Website\\creator\\node_modules\\express\\lib\\application.js\n- E:\\Documents\\London Pages\\Website\\creator\\node_modules\\express\\lib\\express.js\n- E:\\Documents\\London Pages\\Website\\creator\\node_modules\\express\\index.js\n- E:\\Documents\\London Pages\\Website\\creator\\server.js","timestamp":"2025-05-04T05:27:01.131Z"}
{"level":"warn","message":"Using a generated session secret. Set SESSION_SECRET in production!","timestamp":"2025-05-04T05:29:52.875Z"}
{"level":"info","message":"Server is running on port 3000","timestamp":"2025-05-04T05:30:02.030Z"}
{"level":"warn","message":"Using a generated session secret. Set SESSION_SECRET in production!","timestamp":"2025-05-04T06:03:45.950Z"}
{"level":"info","message":"Server is running on port 3000","timestamp":"2025-05-04T06:03:59.311Z"}
{"level":"warn","message":"Using a generated session secret. Set SESSION_SECRET in production!","timestamp":"2025-05-04T06:54:28.111Z"}
{"level":"info","message":"Server is running on port 3000","timestamp":"2025-05-04T06:54:36.628Z"}
{"level":"warn","message":"Using a generated session secret. Set SESSION_SECRET in production!","timestamp":"2025-05-04T07:07:53.952Z"}
{"level":"info","message":"Server is running on port 3000","timestamp":"2025-05-04T07:08:03.004Z"}
{"level":"warn","message":"Using a generated session secret. Set SESSION_SECRET in production!","timestamp":"2025-05-04T07:12:43.326Z"}
{"level":"info","message":"Server is running on port 3000","timestamp":"2025-05-04T07:12:57.020Z"}
{"level":"warn","message":"Using a generated session secret. Set SESSION_SECRET in production!","timestamp":"2025-05-04T10:07:15.074Z"}
{"level":"info","message":"Server is running on port 3000","timestamp":"2025-05-04T10:07:26.279Z"}
{"level":"warn","message":"Using a generated session secret. Set SESSION_SECRET in production!","timestamp":"2025-05-04T10:45:47.348Z"}
{"level":"info","message":"Server is running on port 3000","timestamp":"2025-05-04T10:45:57.896Z"}
{"level":"warn","message":"Using a generated session secret. Set SESSION_SECRET in production!","timestamp":"2025-05-04T12:13:36.268Z"}
{"level":"info","message":"Server is running on port 3000","timestamp":"2025-05-04T12:13:42.960Z"}
{"level":"warn","message":"Using a generated session secret. Set SESSION_SECRET in production!","timestamp":"2025-05-04T12:29:44.640Z"}
{"level":"info","message":"Server is running on port 3000","timestamp":"2025-05-04T12:29:54.848Z"}
{"level":"warn","message":"Using a generated session secret. Set SESSION_SECRET in production!","timestamp":"2025-05-04T12:33:45.795Z"}
{"level":"info","message":"Server is running on port 3000","timestamp":"2025-05-04T12:34:05.742Z"}
{"level":"warn","message":"Using a generated session secret. Set SESSION_SECRET in production!","timestamp":"2025-05-04T12:43:16.101Z"}
{"level":"info","message":"Server is running on port 3000","timestamp":"2025-05-04T12:43:24.416Z"}
{"error":{},"level":"error","message":"Error retrieving submitted videos","timestamp":"2025-05-04T12:43:36.935Z"}
{"error":{},"level":"error","message":"Error retrieving submitted videos","timestamp":"2025-05-04T12:46:53.614Z"}
{"level":"warn","message":"Using a generated session secret. Set SESSION_SECRET in production!","timestamp":"2025-05-04T12:47:08.603Z"}
{"level":"info","message":"Server is running on port 3000","timestamp":"2025-05-04T12:47:14.322Z"}
{"error":{},"level":"error","message":"Error retrieving submitted videos","timestamp":"2025-05-04T12:47:15.070Z"}
{"error":{},"level":"error","message":"Error retrieving submitted videos","timestamp":"2025-05-04T12:47:19.915Z"}
{"error":{},"level":"error","message":"Error retrieving submitted videos","timestamp":"2025-05-04T12:49:16.575Z"}
{"level":"warn","message":"Using a generated session secret. Set SESSION_SECRET in production!","timestamp":"2025-05-04T12:50:13.964Z"}
{"level":"info","message":"Server is running on port 3000","timestamp":"2025-05-04T12:50:20.771Z"}
{"level":"warn","message":"Using a generated session secret. Set SESSION_SECRET in production!","timestamp":"2025-05-04T12:53:24.932Z"}
{"level":"info","message":"Server is running on port 3000","timestamp":"2025-05-04T12:53:31.979Z"}
{"level":"warn","message":"Using a generated session secret. Set SESSION_SECRET in production!","timestamp":"2025-05-04T12:58:24.634Z"}
{"level":"info","message":"Server is running on port 3000","timestamp":"2025-05-04T12:58:37.002Z"}
{"error":{},"level":"error","message":"Error retrieving submitted videos","timestamp":"2025-05-04T12:59:11.850Z"}
{"error":{},"level":"error","message":"Error retrieving submitted videos","timestamp":"2025-05-04T13:03:46.162Z"}
{"error":{},"level":"error","message":"Error retrieving translated videos","timestamp":"2025-05-04T13:03:57.653Z"}
{"error":{},"level":"error","message":"Error retrieving transcripts","timestamp":"2025-05-04T13:04:11.955Z"}
{"level":"error","message":"Unhandled error invalid csrf token","timestamp":"2025-05-04T13:15:21.835Z"}
{"error":{},"level":"error","message":"Error retrieving submitted videos","timestamp":"2025-05-04T13:18:53.152Z"}
{"level":"error","message":"Unhandled error invalid csrf token","timestamp":"2025-05-04T13:19:21.668Z"}
{"level":"warn","message":"Using a generated session secret. Set SESSION_SECRET in production!","timestamp":"2025-05-04T13:36:16.302Z"}
{"level":"info","message":"Server is running on port 3000","timestamp":"2025-05-04T13:36:27.379Z"}
{"error":{},"level":"error","message":"Error retrieving submitted videos","timestamp":"2025-05-04T13:36:41.729Z"}
{"level":"error","message":"Unhandled error invalid csrf token","timestamp":"2025-05-04T13:37:10.179Z"}
{"error":{},"level":"error","message":"Error retrieving submitted videos","timestamp":"2025-05-04T13:39:18.352Z"}
{"level":"error","message":"Unhandled error invalid csrf token","timestamp":"2025-05-04T13:40:05.610Z"}
{"error":{},"level":"error","message":"Error retrieving submitted videos","timestamp":"2025-05-04T13:40:15.830Z"}
{"level":"warn","message":"Using a generated session secret. Set SESSION_SECRET in production!","timestamp":"2025-05-04T13:43:57.449Z"}
{"level":"info","message":"Server is running on port 3000","timestamp":"2025-05-04T13:44:07.201Z"}
{"error":{},"level":"error","message":"Error retrieving submitted videos","timestamp":"2025-05-04T13:44:18.807Z"}
{"level":"error","message":"Unhandled error invalid csrf token","timestamp":"2025-05-04T13:44:44.739Z"}
{"level":"warn","message":"Using a generated session secret. Set SESSION_SECRET in production!","timestamp":"2025-05-04T13:48:38.977Z"}
{"level":"info","message":"Server is running on port 3000","timestamp":"2025-05-04T13:48:44.609Z"}
{"error":{},"level":"error","message":"Error retrieving submitted videos","timestamp":"2025-05-04T13:48:49.377Z"}
{"level":"error","message":"Unhandled error invalid csrf token","timestamp":"2025-05-04T13:49:58.345Z"}
{"error":{},"level":"error","message":"Error retrieving submitted videos","timestamp":"2025-05-04T13:50:21.629Z"}
{"level":"error","message":"Unhandled error invalid csrf token","timestamp":"2025-05-04T13:50:42.581Z"}
{"level":"warn","message":"Using a generated session secret. Set SESSION_SECRET in production!","timestamp":"2025-05-04T13:52:17.396Z"}
{"level":"info","message":"Server is running on port 3000","timestamp":"2025-05-04T13:52:24.369Z"}
{"error":{},"level":"error","message":"Error retrieving submitted videos","timestamp":"2025-05-04T13:52:32.628Z"}
{"level":"warn","message":"Using a generated session secret. Set SESSION_SECRET in production!","timestamp":"2025-05-04T13:55:16.744Z"}
{"level":"info","message":"Server is running on port 3000","timestamp":"2025-05-04T13:55:22.983Z"}
{"error":{},"level":"error","message":"Error retrieving submitted videos","timestamp":"2025-05-04T13:55:38.017Z"}
{"level":"error","message":"Unhandled error invalid csrf token","timestamp":"2025-05-04T13:56:04.012Z"}
{"level":"error","message":"Unhandled error invalid csrf token","timestamp":"2025-05-04T13:57:36.332Z"}
{"level":"warn","message":"Using a generated session secret. Set SESSION_SECRET in production!","timestamp":"2025-05-04T14:01:42.179Z"}
{"level":"info","message":"Server is running on port 3000","timestamp":"2025-05-04T14:01:48.532Z"}
{"error":{},"level":"error","message":"Error retrieving submitted videos","timestamp":"2025-05-04T14:01:54.840Z"}
{"level":"error","message":"Unhandled error invalid csrf token","timestamp":"2025-05-04T14:02:16.365Z"}
{"level":"warn","message":"Using a generated session secret. Set SESSION_SECRET in production!","timestamp":"2025-05-05T05:45:21.018Z"}
{"level":"info","message":"Server is running on port 3000","timestamp":"2025-05-05T05:45:25.601Z"}
{"error":{},"level":"error","message":"Error retrieving submitted videos","timestamp":"2025-05-05T05:45:40.142Z"}
{"level":"error","message":"Unhandled error invalid csrf token","timestamp":"2025-05-05T05:46:04.106Z"}
{"level":"warn","message":"Using a generated session secret. Set SESSION_SECRET in production!","timestamp":"2025-05-05T05:50:21.721Z"}
{"level":"info","message":"Server is running on port 3000","timestamp":"2025-05-05T05:50:31.189Z"}
{"error":{},"level":"error","message":"Error retrieving submitted videos","timestamp":"2025-05-05T05:50:36.952Z"}
{"level":"error","message":"Unhandled error invalid csrf token","timestamp":"2025-05-05T05:51:04.762Z"}
{"level":"warn","message":"Using a generated session secret. Set SESSION_SECRET in production!","timestamp":"2025-05-05T06:07:30.920Z"}
{"level":"info","message":"Server is running on port 3000","timestamp":"2025-05-05T06:07:38.870Z"}
{"error":{},"level":"error","message":"Error retrieving submitted videos","timestamp":"2025-05-05T06:08:03.650Z"}
{"error":{"code":"ERR_INVALID_ARG_TYPE"},"level":"error","message":"Security incident: Malware detected or scan error","timestamp":"2025-05-05T06:08:27.285Z"}
{"level":"warn","message":"Using a generated session secret. Set SESSION_SECRET in production!","timestamp":"2025-05-05T06:12:56.036Z"}
{"level":"info","message":"Server is running on port 3000","timestamp":"2025-05-05T06:13:05.023Z"}
{"error":{},"level":"error","message":"Error retrieving submitted videos Cannot read properties of undefined (reading 'list')","stack":"TypeError: Cannot read properties of undefined (reading 'list')\n    at E:\\Documents\\London Pages\\Website\\creator\\routes\\dashboard.js:598:46\n    at Layer.handleRequest (E:\\Documents\\London Pages\\Website\\creator\\node_modules\\router\\lib\\layer.js:152:17)\n    at next (E:\\Documents\\London Pages\\Website\\creator\\node_modules\\router\\lib\\route.js:157:13)\n    at requireLogin (E:\\Documents\\London Pages\\Website\\creator\\routes\\dashboard.js:25:5)\n    at Layer.handleRequest (E:\\Documents\\London Pages\\Website\\creator\\node_modules\\router\\lib\\layer.js:152:17)\n    at next (E:\\Documents\\London Pages\\Website\\creator\\node_modules\\router\\lib\\route.js:157:13)\n    at Route.dispatch (E:\\Documents\\London Pages\\Website\\creator\\node_modules\\router\\lib\\route.js:117:3)\n    at handle (E:\\Documents\\London Pages\\Website\\creator\\node_modules\\router\\index.js:435:11)\n    at Layer.handleRequest (E:\\Documents\\London Pages\\Website\\creator\\node_modules\\router\\lib\\layer.js:152:17)\n    at E:\\Documents\\London Pages\\Website\\creator\\node_modules\\router\\index.js:295:15","timestamp":"2025-05-05T06:13:12.194Z"}
{"error":{"code":"ERR_INVALID_ARG_TYPE"},"level":"error","message":"Security incident: Malware detected or scan error The \"msecs\" argument must be of type number. Received function ","stack":"TypeError [ERR_INVALID_ARG_TYPE]: The \"msecs\" argument must be of type number. Received function \n    at getTimerDuration (node:internal/timers:396:3)\n    at Socket.setStreamTimeout [as setTimeout] (node:internal/stream_base_commons:244:11)\n    at clamav.ping (E:\\Documents\\London Pages\\Website\\creator\\node_modules\\clamav.js\\index.js:129:10)\n    at logger.error.error (E:\\Documents\\London Pages\\Website\\creator\\routes\\dashboard.js:47:18)\n    at new Promise (<anonymous>)\n    at E:\\Documents\\London Pages\\Website\\creator\\routes\\dashboard.js:45:15\n    at done (E:\\Documents\\London Pages\\Website\\creator\\node_modules\\multer\\lib\\make-middleware.js:47:7)\n    at indicateDone (E:\\Documents\\London Pages\\Website\\creator\\node_modules\\multer\\lib\\make-middleware.js:51:68)\n    at E:\\Documents\\London Pages\\Website\\creator\\node_modules\\multer\\lib\\make-middleware.js:157:11\n    at WriteStream.<anonymous> (E:\\Documents\\London Pages\\Website\\creator\\node_modules\\multer\\storage\\disk.js:43:9)","timestamp":"2025-05-05T06:13:31.005Z"}
{"level":"warn","message":"Using a generated session secret. Set SESSION_SECRET in production!","timestamp":"2025-05-05T06:18:06.732Z"}
{"level":"info","message":"Server is running on port 3000","timestamp":"2025-05-05T06:18:11.419Z"}
{"error":{},"level":"error","message":"Security incident: Malware detected or scan error ClamAV service unavailable.","stack":"Error: ClamAV service unavailable.\n    at E:\\Documents\\London Pages\\Website\\creator\\routes\\dashboard.js:48:40\n    at Socket.<anonymous> (E:\\Documents\\London Pages\\Website\\creator\\node_modules\\clamav.js\\index.js:147:5)\n    at Socket.emit (node:events:518:28)\n    at emitErrorNT (node:internal/streams/destroy:169:8)\n    at emitErrorCloseNT (node:internal/streams/destroy:128:3)\n    at process.processTicksAndRejections (node:internal/process/task_queues:82:21)","timestamp":"2025-05-05T06:18:38.027Z"}
{"level":"warn","message":"Using a generated session secret. Set SESSION_SECRET in production!","timestamp":"2025-05-05T07:58:34.512Z"}
{"level":"info","message":"Server is running on port 3000","timestamp":"2025-05-05T07:58:47.424Z"}
{"level":"warn","message":"Using a generated session secret. Set SESSION_SECRET in production!","timestamp":"2025-05-05T08:02:29.690Z"}
{"level":"info","message":"Server is running on port 3000","timestamp":"2025-05-05T08:02:36.939Z"}
{"level":"warn","message":"Using a generated session secret. Set SESSION_SECRET in production!","timestamp":"2025-05-05T08:03:53.204Z"}
{"level":"info","message":"Server is running on port 3000","timestamp":"2025-05-05T08:03:57.452Z"}
{"level":"warn","message":"Using a generated session secret. Set SESSION_SECRET in production!","timestamp":"2025-05-05T08:10:43.838Z"}
{"level":"info","message":"Server is running on port 3000","timestamp":"2025-05-05T08:11:06.996Z"}
{"level":"warn","message":"Using a generated session secret. Set SESSION_SECRET in production!","timestamp":"2025-05-05T08:16:11.840Z"}
{"level":"info","message":"Server is running on port 3000","timestamp":"2025-05-05T08:16:31.852Z"}
{"error":{},"level":"error","message":"Error in upload process","timestamp":"2025-05-05T08:17:36.508Z"}
{"level":"warn","message":"Using a generated session secret. Set SESSION_SECRET in production!","timestamp":"2025-05-05T09:32:06.575Z"}
{"level":"info","message":"Server is running on port 3000","timestamp":"2025-05-05T09:32:18.656Z"}
{"error":{},"level":"error","message":"Security incident: Malware detected or scan error ClamAV service unavailable.","stack":"Error: ClamAV service unavailable.\n    at E:\\Documents\\London Pages\\Website\\creator\\routes\\dashboard.js:48:40\n    at Socket.<anonymous> (E:\\Documents\\London Pages\\Website\\creator\\node_modules\\clamav.js\\index.js:147:5)\n    at Socket.emit (node:events:518:28)\n    at emitErrorNT (node:internal/streams/destroy:169:8)\n    at emitErrorCloseNT (node:internal/streams/destroy:128:3)\n    at process.processTicksAndRejections (node:internal/process/task_queues:82:21)","timestamp":"2025-05-05T09:32:49.889Z"}
{"error":{},"level":"error","message":"Error in upload process","timestamp":"2025-05-05T09:34:38.461Z"}
{"level":"warn","message":"Using a generated session secret. Set SESSION_SECRET in production!","timestamp":"2025-05-05T09:39:11.034Z"}
{"level":"info","message":"Server is running on port 3000","timestamp":"2025-05-05T09:39:17.505Z"}
{"error":{},"level":"error","message":"Error in upload process","timestamp":"2025-05-05T09:39:38.077Z"}
{"level":"warn","message":"Using a generated session secret. Set SESSION_SECRET in production!","timestamp":"2025-05-05T09:42:05.310Z"}
{"level":"info","message":"Server is running on port 3000","timestamp":"2025-05-05T09:42:10.885Z"}
{"file":{"destination":"E:\\Documents\\London Pages\\Website\\creator\\uploads\\f79b88d4-6b66-4a47-95f2-43c23e56f559","encoding":"7bit","fieldname":"videoFile","filename":"1746438267952-456762889.mp4","mimetype":"video/mp4","originalname":"How to Stop Procrastinating and Finally Take Action.mp4","path":"E:\\Documents\\London Pages\\Website\\creator\\uploads\\f79b88d4-6b66-4a47-95f2-43c23e56f559\\1746438267952-456762889.mp4","size":42873621},"level":"info","message":"File exists immediately after multer upload","path":"E:\\Documents\\London Pages\\Website\\creator\\uploads\\f79b88d4-6b66-4a47-95f2-43c23e56f559\\1746438267952-456762889.mp4","timestamp":"2025-05-05T09:44:29.609Z"}
{"error":{},"level":"error","message":"Error in upload process","timestamp":"2025-05-05T09:44:30.199Z"}
{"level":"warn","message":"Using a generated session secret. Set SESSION_SECRET in production!","timestamp":"2025-05-05T09:47:39.509Z"}
{"level":"info","message":"Server is running on port 3000","timestamp":"2025-05-05T09:47:47.732Z"}
{"file":{"destination":"E:\\Documents\\London Pages\\Website\\creator\\uploads\\22074122-1d15-46ee-a828-c31ef0d111df","encoding":"7bit","fieldname":"videoFile","filename":"1746438483257-848324886.mp4","mimetype":"video/mp4","originalname":"How to Stop Procrastinating and Finally Take Action.mp4","path":"E:\\Documents\\London Pages\\Website\\creator\\uploads\\22074122-1d15-46ee-a828-c31ef0d111df\\1746438483257-848324886.mp4","size":42873621},"level":"info","message":"File exists immediately after multer upload","path":"E:\\Documents\\London Pages\\Website\\creator\\uploads\\22074122-1d15-46ee-a828-c31ef0d111df\\1746438483257-848324886.mp4","timestamp":"2025-05-05T09:48:05.141Z"}
{"error":{},"level":"error","message":"Error in upload process","timestamp":"2025-05-05T09:48:05.648Z"}
{"level":"warn","message":"Using a generated session secret. Set SESSION_SECRET in production!","timestamp":"2025-05-06T07:11:24.364Z"}
{"level":"info","message":"Server is running on port 3000","timestamp":"2025-05-06T07:11:35.548Z"}
{"file":{"destination":"E:\\Documents\\London Pages\\Website\\creator\\uploads\\93a7a17b-8a75-45bd-9ec4-ae790c8fd13f","encoding":"7bit","fieldname":"videoFile","filename":"1746515780664-712064555.mp4","mimetype":"video/mp4","originalname":"How to Stop Procrastinating and Finally Take Action.mp4","path":"E:\\Documents\\London Pages\\Website\\creator\\uploads\\93a7a17b-8a75-45bd-9ec4-ae790c8fd13f\\1746515780664-712064555.mp4","size":42873621},"level":"info","message":"File exists immediately after multer upload","path":"E:\\Documents\\London Pages\\Website\\creator\\uploads\\93a7a17b-8a75-45bd-9ec4-ae790c8fd13f\\1746515780664-712064555.mp4","timestamp":"2025-05-06T07:16:29.520Z"}
{"error":{},"level":"error","message":"Error in upload process getUserFolders is not defined","stack":"ReferenceError: getUserFolders is not defined\n    at uploadFileToGoogleDrive (E:\\Documents\\London Pages\\Website\\creator\\routes\\dashboard.js:252:40)\n    at E:\\Documents\\London Pages\\Website\\creator\\routes\\dashboard.js:175:28\n    at process.processTicksAndRejections (node:internal/process/task_queues:95:5)","timestamp":"2025-05-06T07:16:31.206Z"}
{"level":"warn","message":"Using a generated session secret. Set SESSION_SECRET in production!","timestamp":"2025-05-06T07:19:53.855Z"}
{"level":"info","message":"Server is running on port 3000","timestamp":"2025-05-06T07:20:01.149Z"}
{"file":{"destination":"E:\\Documents\\London Pages\\Website\\creator\\uploads\\20e84c1e-306b-4326-83f4-1f17fc9557d5","encoding":"7bit","fieldname":"videoFile","filename":"1746516037879-603521219.mp4","mimetype":"video/mp4","originalname":"How to Stop Procrastinating and Finally Take Action.mp4","path":"E:\\Documents\\London Pages\\Website\\creator\\uploads\\20e84c1e-306b-4326-83f4-1f17fc9557d5\\1746516037879-603521219.mp4","size":42873621},"level":"info","message":"File exists immediately after multer upload","path":"E:\\Documents\\London Pages\\Website\\creator\\uploads\\20e84c1e-306b-4326-83f4-1f17fc9557d5\\1746516037879-603521219.mp4","timestamp":"2025-05-06T07:20:39.909Z"}
{"file":{"destination":"E:\\Documents\\London Pages\\Website\\creator\\uploads\\099803de-fdbb-4f19-9979-6a3f97825cde","encoding":"7bit","fieldname":"videoFile","filename":"1746516256333-979605996.mp4","mimetype":"video/mp4","originalname":"Behind the Scenes_ Our Translation Process+Express Delivery Unpa.mp4","path":"E:\\Documents\\London Pages\\Website\\creator\\uploads\\099803de-fdbb-4f19-9979-6a3f97825cde\\1746516256333-979605996.mp4","size":5356380},"level":"info","message":"File exists immediately after multer upload","path":"E:\\Documents\\London Pages\\Website\\creator\\uploads\\099803de-fdbb-4f19-9979-6a3f97825cde\\1746516256333-979605996.mp4","timestamp":"2025-05-06T07:24:17.592Z"}
{"level":"warn","message":"Using a generated session secret. Set SESSION_SECRET in production!","timestamp":"2025-05-06T07:46:48.975Z"}
{"level":"info","message":"Server is running on port 3000","timestamp":"2025-05-06T07:46:56.187Z"}
{"file":{"destination":"E:\\Documents\\London Pages\\Website\\creator\\uploads\\c273914d-8d80-4f06-bb19-64c42941d3e3","encoding":"7bit","fieldname":"videoFile","filename":"1746517650779-989792561.mp4","mimetype":"video/mp4","originalname":"WANT TO HAVE 'PUBLIC SPEAKING MASTERY'？ follow just these 3 steps✅🎤🎙️.mp4","path":"E:\\Documents\\London Pages\\Website\\creator\\uploads\\c273914d-8d80-4f06-bb19-64c42941d3e3\\1746517650779-989792561.mp4","size":5184375},"level":"info","message":"File exists immediately after multer upload","path":"E:\\Documents\\London Pages\\Website\\creator\\uploads\\c273914d-8d80-4f06-bb19-64c42941d3e3\\1746517650779-989792561.mp4","timestamp":"2025-05-06T07:47:32.336Z"}
{"level":"warn","message":"Using a generated session secret. Set SESSION_SECRET in production!","timestamp":"2025-05-06T08:57:43.695Z"}
{"level":"info","message":"Server is running on port 3000","timestamp":"2025-05-06T08:57:50.476Z"}
{"error":{},"level":"error","message":"Security incident: Malware detected or scan error INSTREAM size limit exceeded.","stack":"Error: INSTREAM size limit exceeded.\n    at Socket.<anonymous> (E:\\Documents\\London Pages\\Website\\creator\\node_modules\\clamav.js\\index.js:63:20)\n    at Socket.emit (node:events:518:28)\n    at addChunk (node:internal/streams/readable:559:12)\n    at readableAddChunkPushByteMode (node:internal/streams/readable:510:3)\n    at Readable.push (node:internal/streams/readable:390:5)\n    at TCP.onStreamRead (node:internal/stream_base_commons:190:23)","timestamp":"2025-05-06T08:59:12.207Z"}
{"error":{},"level":"error","message":"Security incident: Malware detected or scan error INSTREAM size limit exceeded.","stack":"Error: INSTREAM size limit exceeded.\n    at Socket.<anonymous> (E:\\Documents\\London Pages\\Website\\creator\\node_modules\\clamav.js\\index.js:63:20)\n    at Socket.emit (node:events:518:28)\n    at addChunk (node:internal/streams/readable:559:12)\n    at readableAddChunkPushByteMode (node:internal/streams/readable:510:3)\n    at Readable.push (node:internal/streams/readable:390:5)\n    at TCP.onStreamRead (node:internal/stream_base_commons:190:23)","timestamp":"2025-05-06T09:03:50.132Z"}
{"error":{"code":"ECONNRESET","errno":-4077,"syscall":"read"},"level":"error","message":"Security incident: Malware detected or scan error read ECONNRESET","stack":"Error: read ECONNRESET\n    at TCP.onStreamRead (node:internal/stream_base_commons:217:20)","timestamp":"2025-05-06T09:10:07.760Z"}
{"level":"warn","message":"Using a generated session secret. Set SESSION_SECRET in production!","timestamp":"2025-05-06T09:37:32.798Z"}
{"level":"info","message":"Server is running on port 3000","timestamp":"2025-05-06T09:37:46.232Z"}
{"error":{"code":"ECONNRESET","errno":-4077,"syscall":"read"},"level":"error","message":"Security incident: Malware detected or scan error read ECONNRESET","stack":"Error: read ECONNRESET\n    at TCP.onStreamRead (node:internal/stream_base_commons:217:20)","timestamp":"2025-05-06T09:42:12.369Z"}
{"level":"warn","message":"Using a generated session secret. Set SESSION_SECRET in production!","timestamp":"2025-05-06T09:51:42.984Z"}
{"level":"info","message":"Server is running on port 3000","timestamp":"2025-05-06T09:51:51.988Z"}
{"error":{"code":"ECONNRESET","errno":-4077,"syscall":"read"},"level":"error","message":"Security incident: Malware detected or scan error read ECONNRESET","stack":"Error: read ECONNRESET\n    at TCP.onStreamRead (node:internal/stream_base_commons:217:20)","timestamp":"2025-05-06T09:56:25.194Z"}
{"level":"warn","message":"Using a generated session secret. Set SESSION_SECRET in production!","timestamp":"2025-05-06T10:08:23.402Z"}
{"level":"info","message":"Server is running on port 3000","timestamp":"2025-05-06T10:08:30.802Z"}
{"file":{"destination":"E:\\Documents\\London Pages\\Website\\creator\\uploads\\62da0dd7-11fd-485e-81f8-56138b93b0ce","encoding":"7bit","fieldname":"videoFile","filename":"1746526132804-993135819.mp4","mimetype":"video/mp4","originalname":"Python Tutorial For Beginners In Hindi (With Notes) 🔥.mp4","path":"E:\\Documents\\London Pages\\Website\\creator\\uploads\\62da0dd7-11fd-485e-81f8-56138b93b0ce\\1746526132804-993135819.mp4","size":1975469405},"level":"info","message":"File exists immediately after multer upload","path":"E:\\Documents\\London Pages\\Website\\creator\\uploads\\62da0dd7-11fd-485e-81f8-56138b93b0ce\\1746526132804-993135819.mp4","timestamp":"2025-05-06T10:10:00.339Z"}
{"level":"warn","message":"Using a generated session secret. Set SESSION_SECRET in production!","timestamp":"2025-05-06T10:37:40.011Z"}
{"level":"info","message":"Server is running on port 3000","timestamp":"2025-05-06T10:37:45.911Z"}
{"level":"warn","message":"Using a generated session secret. Set SESSION_SECRET in production!","timestamp":"2025-05-06T10:42:35.581Z"}
{"level":"info","message":"Server is running on port 3000","timestamp":"2025-05-06T10:42:41.591Z"}
{"level":"warn","message":"Using a generated session secret. Set SESSION_SECRET in production!","timestamp":"2025-05-06T10:46:12.324Z"}
{"level":"info","message":"Server is running on port 3000","timestamp":"2025-05-06T10:46:18.633Z"}
{"level":"warn","message":"Using a generated session secret. Set SESSION_SECRET in production!","timestamp":"2025-05-06T11:14:16.480Z"}
{"level":"info","message":"Server is running on port 3000","timestamp":"2025-05-06T11:14:20.724Z"}
{"error":{"code":"ERR_OSSL_UNSUPPORTED","library":"DECODER routines","reason":"unsupported"},"level":"error","message":"Error retrieving submitted videos error:1E08010C:DECODER routines::unsupported","stack":"Error: error:1E08010C:DECODER routines::unsupported\n    at Sign.sign (node:internal/crypto/sig:128:29)\n    at Object.sign (E:\\Documents\\London Pages\\Website\\creator\\node_modules\\jwa\\index.js:152:45)\n    at Object.jwsSign [as sign] (E:\\Documents\\London Pages\\Website\\creator\\node_modules\\jws\\lib\\sign-stream.js:32:24)\n    at GoogleToken._GoogleToken_requestToken (E:\\Documents\\London Pages\\Website\\creator\\node_modules\\gtoken\\build\\src\\index.js:235:27)\n    at GoogleToken._GoogleToken_getTokenAsyncInner (E:\\Documents\\London Pages\\Website\\creator\\node_modules\\gtoken\\build\\src\\index.js:180:97)\n    at GoogleToken._GoogleToken_getTokenAsync (E:\\Documents\\London Pages\\Website\\creator\\node_modules\\gtoken\\build\\src\\index.js:160:173)\n    at GoogleToken.getToken (E:\\Documents\\London Pages\\Website\\creator\\node_modules\\gtoken\\build\\src\\index.js:110:102)\n    at JWT.refreshTokenNoCache (E:\\Documents\\London Pages\\Website\\creator\\node_modules\\google-auth-library\\build\\src\\auth\\jwtclient.js:173:36)\n    at JWT.refreshToken (E:\\Documents\\London Pages\\Website\\creator\\node_modules\\google-auth-library\\build\\src\\auth\\oauth2client.js:187:24)\n    at JWT.getRequestMetadataAsync (E:\\Documents\\London Pages\\Website\\creator\\node_modules\\google-auth-library\\build\\src\\auth\\oauth2client.js:333:28)","timestamp":"2025-05-06T11:14:42.655Z"}
{"file":{"destination":"E:\\Documents\\London Pages\\Website\\creator\\uploads\\49ab42ac-f842-4b94-af4e-49ae9cb9df01","encoding":"7bit","fieldname":"videoFile","filename":"1746530126473-817216069.mp4","mimetype":"video/mp4","originalname":"WANT TO HAVE 'PUBLIC SPEAKING MASTERY'？ follow just these 3 steps✅🎤🎙️.mp4","path":"E:\\Documents\\London Pages\\Website\\creator\\uploads\\49ab42ac-f842-4b94-af4e-49ae9cb9df01\\1746530126473-817216069.mp4","size":5184375},"level":"info","message":"File exists immediately after multer upload","path":"E:\\Documents\\London Pages\\Website\\creator\\uploads\\49ab42ac-f842-4b94-af4e-49ae9cb9df01\\1746530126473-817216069.mp4","timestamp":"2025-05-06T11:15:28.707Z"}
{"error":{"code":"ERR_OSSL_UNSUPPORTED","library":"DECODER routines","reason":"unsupported"},"level":"error","message":"Error in upload process error:1E08010C:DECODER routines::unsupported","stack":"Error: error:1E08010C:DECODER routines::unsupported\n    at Sign.sign (node:internal/crypto/sig:128:29)\n    at Object.sign (E:\\Documents\\London Pages\\Website\\creator\\node_modules\\jwa\\index.js:152:45)\n    at Object.jwsSign [as sign] (E:\\Documents\\London Pages\\Website\\creator\\node_modules\\jws\\lib\\sign-stream.js:32:24)\n    at GoogleToken._GoogleToken_requestToken (E:\\Documents\\London Pages\\Website\\creator\\node_modules\\gtoken\\build\\src\\index.js:235:27)\n    at GoogleToken._GoogleToken_getTokenAsyncInner (E:\\Documents\\London Pages\\Website\\creator\\node_modules\\gtoken\\build\\src\\index.js:180:97)\n    at GoogleToken._GoogleToken_getTokenAsync (E:\\Documents\\London Pages\\Website\\creator\\node_modules\\gtoken\\build\\src\\index.js:160:173)\n    at GoogleToken.getToken (E:\\Documents\\London Pages\\Website\\creator\\node_modules\\gtoken\\build\\src\\index.js:110:102)\n    at JWT.refreshTokenNoCache (E:\\Documents\\London Pages\\Website\\creator\\node_modules\\google-auth-library\\build\\src\\auth\\jwtclient.js:173:36)\n    at JWT.refreshToken (E:\\Documents\\London Pages\\Website\\creator\\node_modules\\google-auth-library\\build\\src\\auth\\oauth2client.js:187:24)\n    at JWT.getRequestMetadataAsync (E:\\Documents\\London Pages\\Website\\creator\\node_modules\\google-auth-library\\build\\src\\auth\\oauth2client.js:333:28)","timestamp":"2025-05-06T11:15:29.340Z"}
{"level":"warn","message":"Using a generated session secret. Set SESSION_SECRET in production!","timestamp":"2025-05-06T11:19:01.066Z"}
{"level":"info","message":"Server is running on port 3000","timestamp":"2025-05-06T11:19:09.720Z"}
{"error":{"code":"ERR_OSSL_UNSUPPORTED","library":"DECODER routines","reason":"unsupported"},"level":"error","message":"Error retrieving submitted videos error:1E08010C:DECODER routines::unsupported","stack":"Error: error:1E08010C:DECODER routines::unsupported\n    at Sign.sign (node:internal/crypto/sig:128:29)\n    at Object.sign (E:\\Documents\\London Pages\\Website\\creator\\node_modules\\jwa\\index.js:152:45)\n    at Object.jwsSign [as sign] (E:\\Documents\\London Pages\\Website\\creator\\node_modules\\jws\\lib\\sign-stream.js:32:24)\n    at GoogleToken._GoogleToken_requestToken (E:\\Documents\\London Pages\\Website\\creator\\node_modules\\gtoken\\build\\src\\index.js:235:27)\n    at GoogleToken._GoogleToken_getTokenAsyncInner (E:\\Documents\\London Pages\\Website\\creator\\node_modules\\gtoken\\build\\src\\index.js:180:97)\n    at GoogleToken._GoogleToken_getTokenAsync (E:\\Documents\\London Pages\\Website\\creator\\node_modules\\gtoken\\build\\src\\index.js:160:173)\n    at GoogleToken.getToken (E:\\Documents\\London Pages\\Website\\creator\\node_modules\\gtoken\\build\\src\\index.js:110:102)\n    at JWT.refreshTokenNoCache (E:\\Documents\\London Pages\\Website\\creator\\node_modules\\google-auth-library\\build\\src\\auth\\jwtclient.js:173:36)\n    at JWT.refreshToken (E:\\Documents\\London Pages\\Website\\creator\\node_modules\\google-auth-library\\build\\src\\auth\\oauth2client.js:187:24)\n    at JWT.getRequestMetadataAsync (E:\\Documents\\London Pages\\Website\\creator\\node_modules\\google-auth-library\\build\\src\\auth\\oauth2client.js:333:28)","timestamp":"2025-05-06T11:19:15.431Z"}
{"file":{"destination":"E:\\Documents\\London Pages\\Website\\creator\\uploads\\351507ea-275d-4ac3-9fa8-2a649c79ec1b","encoding":"7bit","fieldname":"videoFile","filename":"1746530374373-700188577.mp4","mimetype":"video/mp4","originalname":"WANT TO HAVE 'PUBLIC SPEAKING MASTERY'？ follow just these 3 steps✅🎤🎙️.mp4","path":"E:\\Documents\\London Pages\\Website\\creator\\uploads\\351507ea-275d-4ac3-9fa8-2a649c79ec1b\\1746530374373-700188577.mp4","size":5184375},"level":"info","message":"File exists immediately after multer upload","path":"E:\\Documents\\London Pages\\Website\\creator\\uploads\\351507ea-275d-4ac3-9fa8-2a649c79ec1b\\1746530374373-700188577.mp4","timestamp":"2025-05-06T11:19:34.678Z"}
{"error":{"code":"ERR_OSSL_UNSUPPORTED","library":"DECODER routines","reason":"unsupported"},"level":"error","message":"Error in upload process error:1E08010C:DECODER routines::unsupported","stack":"Error: error:1E08010C:DECODER routines::unsupported\n    at Sign.sign (node:internal/crypto/sig:128:29)\n    at Object.sign (E:\\Documents\\London Pages\\Website\\creator\\node_modules\\jwa\\index.js:152:45)\n    at Object.jwsSign [as sign] (E:\\Documents\\London Pages\\Website\\creator\\node_modules\\jws\\lib\\sign-stream.js:32:24)\n    at GoogleToken._GoogleToken_requestToken (E:\\Documents\\London Pages\\Website\\creator\\node_modules\\gtoken\\build\\src\\index.js:235:27)\n    at GoogleToken._GoogleToken_getTokenAsyncInner (E:\\Documents\\London Pages\\Website\\creator\\node_modules\\gtoken\\build\\src\\index.js:180:97)\n    at GoogleToken._GoogleToken_getTokenAsync (E:\\Documents\\London Pages\\Website\\creator\\node_modules\\gtoken\\build\\src\\index.js:160:173)\n    at GoogleToken.getToken (E:\\Documents\\London Pages\\Website\\creator\\node_modules\\gtoken\\build\\src\\index.js:110:102)\n    at JWT.refreshTokenNoCache (E:\\Documents\\London Pages\\Website\\creator\\node_modules\\google-auth-library\\build\\src\\auth\\jwtclient.js:173:36)\n    at JWT.refreshToken (E:\\Documents\\London Pages\\Website\\creator\\node_modules\\google-auth-library\\build\\src\\auth\\oauth2client.js:187:24)\n    at JWT.getRequestMetadataAsync (E:\\Documents\\London Pages\\Website\\creator\\node_modules\\google-auth-library\\build\\src\\auth\\oauth2client.js:333:28)","timestamp":"2025-05-06T11:19:35.009Z"}
{"level":"warn","message":"Using a generated session secret. Set SESSION_SECRET in production!","timestamp":"2025-05-06T11:24:13.836Z"}
{"level":"info","message":"Server is running on port 3000","timestamp":"2025-05-06T11:24:17.829Z"}
{"error":{"code":"ERR_OSSL_UNSUPPORTED","library":"DECODER routines","reason":"unsupported"},"level":"error","message":"Error retrieving submitted videos error:1E08010C:DECODER routines::unsupported","stack":"Error: error:1E08010C:DECODER routines::unsupported\n    at Sign.sign (node:internal/crypto/sig:128:29)\n    at Object.sign (E:\\Documents\\London Pages\\Website\\creator\\node_modules\\jwa\\index.js:152:45)\n    at Object.jwsSign [as sign] (E:\\Documents\\London Pages\\Website\\creator\\node_modules\\jws\\lib\\sign-stream.js:32:24)\n    at GoogleToken._GoogleToken_requestToken (E:\\Documents\\London Pages\\Website\\creator\\node_modules\\gtoken\\build\\src\\index.js:235:27)\n    at GoogleToken._GoogleToken_getTokenAsyncInner (E:\\Documents\\London Pages\\Website\\creator\\node_modules\\gtoken\\build\\src\\index.js:180:97)\n    at GoogleToken._GoogleToken_getTokenAsync (E:\\Documents\\London Pages\\Website\\creator\\node_modules\\gtoken\\build\\src\\index.js:160:173)\n    at GoogleToken.getToken (E:\\Documents\\London Pages\\Website\\creator\\node_modules\\gtoken\\build\\src\\index.js:110:102)\n    at JWT.refreshTokenNoCache (E:\\Documents\\London Pages\\Website\\creator\\node_modules\\google-auth-library\\build\\src\\auth\\jwtclient.js:173:36)\n    at JWT.refreshToken (E:\\Documents\\London Pages\\Website\\creator\\node_modules\\google-auth-library\\build\\src\\auth\\oauth2client.js:187:24)\n    at JWT.getRequestMetadataAsync (E:\\Documents\\London Pages\\Website\\creator\\node_modules\\google-auth-library\\build\\src\\auth\\oauth2client.js:333:28)","timestamp":"2025-05-06T11:24:20.857Z"}
{"file":{"destination":"E:\\Documents\\London Pages\\Website\\creator\\uploads\\7e0bc0f8-62b1-4958-b60d-890ba053f48f","encoding":"7bit","fieldname":"videoFile","filename":"1746530676957-591630486.mp4","mimetype":"video/mp4","originalname":"WANT TO HAVE 'PUBLIC SPEAKING MASTERY'？ follow just these 3 steps✅🎤🎙️.mp4","path":"E:\\Documents\\London Pages\\Website\\creator\\uploads\\7e0bc0f8-62b1-4958-b60d-890ba053f48f\\1746530676957-591630486.mp4","size":5184375},"level":"info","message":"File exists immediately after multer upload","path":"E:\\Documents\\London Pages\\Website\\creator\\uploads\\7e0bc0f8-62b1-4958-b60d-890ba053f48f\\1746530676957-591630486.mp4","timestamp":"2025-05-06T11:24:37.253Z"}
{"error":{"code":"ERR_OSSL_UNSUPPORTED","library":"DECODER routines","reason":"unsupported"},"level":"error","message":"Error in upload process error:1E08010C:DECODER routines::unsupported","stack":"Error: error:1E08010C:DECODER routines::unsupported\n    at Sign.sign (node:internal/crypto/sig:128:29)\n    at Object.sign (E:\\Documents\\London Pages\\Website\\creator\\node_modules\\jwa\\index.js:152:45)\n    at Object.jwsSign [as sign] (E:\\Documents\\London Pages\\Website\\creator\\node_modules\\jws\\lib\\sign-stream.js:32:24)\n    at GoogleToken._GoogleToken_requestToken (E:\\Documents\\London Pages\\Website\\creator\\node_modules\\gtoken\\build\\src\\index.js:235:27)\n    at GoogleToken._GoogleToken_getTokenAsyncInner (E:\\Documents\\London Pages\\Website\\creator\\node_modules\\gtoken\\build\\src\\index.js:180:97)\n    at GoogleToken._GoogleToken_getTokenAsync (E:\\Documents\\London Pages\\Website\\creator\\node_modules\\gtoken\\build\\src\\index.js:160:173)\n    at GoogleToken.getToken (E:\\Documents\\London Pages\\Website\\creator\\node_modules\\gtoken\\build\\src\\index.js:110:102)\n    at JWT.refreshTokenNoCache (E:\\Documents\\London Pages\\Website\\creator\\node_modules\\google-auth-library\\build\\src\\auth\\jwtclient.js:173:36)\n    at JWT.refreshToken (E:\\Documents\\London Pages\\Website\\creator\\node_modules\\google-auth-library\\build\\src\\auth\\oauth2client.js:187:24)\n    at JWT.getRequestMetadataAsync (E:\\Documents\\London Pages\\Website\\creator\\node_modules\\google-auth-library\\build\\src\\auth\\oauth2client.js:333:28)","timestamp":"2025-05-06T11:24:37.600Z"}
{"level":"warn","message":"Using a generated session secret. Set SESSION_SECRET in production!","timestamp":"2025-05-06T11:34:34.477Z"}
{"level":"info","message":"Server is running on port 3000","timestamp":"2025-05-06T11:34:40.618Z"}
{"error":{"code":"ERR_OSSL_UNSUPPORTED","library":"DECODER routines","reason":"unsupported"},"level":"error","message":"Error retrieving submitted videos error:1E08010C:DECODER routines::unsupported","stack":"Error: error:1E08010C:DECODER routines::unsupported\n    at Sign.sign (node:internal/crypto/sig:128:29)\n    at Object.sign (E:\\Documents\\London Pages\\Website\\creator\\node_modules\\jwa\\index.js:152:45)\n    at Object.jwsSign [as sign] (E:\\Documents\\London Pages\\Website\\creator\\node_modules\\jws\\lib\\sign-stream.js:32:24)\n    at GoogleToken._GoogleToken_requestToken (E:\\Documents\\London Pages\\Website\\creator\\node_modules\\gtoken\\build\\src\\index.js:235:27)\n    at GoogleToken._GoogleToken_getTokenAsyncInner (E:\\Documents\\London Pages\\Website\\creator\\node_modules\\gtoken\\build\\src\\index.js:180:97)\n    at GoogleToken._GoogleToken_getTokenAsync (E:\\Documents\\London Pages\\Website\\creator\\node_modules\\gtoken\\build\\src\\index.js:160:173)\n    at GoogleToken.getToken (E:\\Documents\\London Pages\\Website\\creator\\node_modules\\gtoken\\build\\src\\index.js:110:102)\n    at JWT.refreshTokenNoCache (E:\\Documents\\London Pages\\Website\\creator\\node_modules\\google-auth-library\\build\\src\\auth\\jwtclient.js:173:36)\n    at JWT.refreshToken (E:\\Documents\\London Pages\\Website\\creator\\node_modules\\google-auth-library\\build\\src\\auth\\oauth2client.js:187:24)\n    at JWT.getRequestMetadataAsync (E:\\Documents\\London Pages\\Website\\creator\\node_modules\\google-auth-library\\build\\src\\auth\\oauth2client.js:333:28)","timestamp":"2025-05-06T11:34:41.290Z"}
{"file":{"destination":"E:\\Documents\\London Pages\\Website\\creator\\uploads\\423055b5-890b-4e00-bef1-781ee0a68819","encoding":"7bit","fieldname":"videoFile","filename":"1746531301095-710594698.mp4","mimetype":"video/mp4","originalname":"WANT TO HAVE 'PUBLIC SPEAKING MASTERY'？ follow just these 3 steps✅🎤🎙️.mp4","path":"E:\\Documents\\London Pages\\Website\\creator\\uploads\\423055b5-890b-4e00-bef1-781ee0a68819\\1746531301095-710594698.mp4","size":5184375},"level":"info","message":"File exists immediately after multer upload","path":"E:\\Documents\\London Pages\\Website\\creator\\uploads\\423055b5-890b-4e00-bef1-781ee0a68819\\1746531301095-710594698.mp4","timestamp":"2025-05-06T11:35:01.946Z"}
{"error":{"code":"ERR_OSSL_UNSUPPORTED","library":"DECODER routines","reason":"unsupported"},"level":"error","message":"Error in upload process error:1E08010C:DECODER routines::unsupported","stack":"Error: error:1E08010C:DECODER routines::unsupported\n    at Sign.sign (node:internal/crypto/sig:128:29)\n    at Object.sign (E:\\Documents\\London Pages\\Website\\creator\\node_modules\\jwa\\index.js:152:45)\n    at Object.jwsSign [as sign] (E:\\Documents\\London Pages\\Website\\creator\\node_modules\\jws\\lib\\sign-stream.js:32:24)\n    at GoogleToken._GoogleToken_requestToken (E:\\Documents\\London Pages\\Website\\creator\\node_modules\\gtoken\\build\\src\\index.js:235:27)\n    at GoogleToken._GoogleToken_getTokenAsyncInner (E:\\Documents\\London Pages\\Website\\creator\\node_modules\\gtoken\\build\\src\\index.js:180:97)\n    at GoogleToken._GoogleToken_getTokenAsync (E:\\Documents\\London Pages\\Website\\creator\\node_modules\\gtoken\\build\\src\\index.js:160:173)\n    at GoogleToken.getToken (E:\\Documents\\London Pages\\Website\\creator\\node_modules\\gtoken\\build\\src\\index.js:110:102)\n    at JWT.refreshTokenNoCache (E:\\Documents\\London Pages\\Website\\creator\\node_modules\\google-auth-library\\build\\src\\auth\\jwtclient.js:173:36)\n    at JWT.refreshToken (E:\\Documents\\London Pages\\Website\\creator\\node_modules\\google-auth-library\\build\\src\\auth\\oauth2client.js:187:24)\n    at JWT.getRequestMetadataAsync (E:\\Documents\\London Pages\\Website\\creator\\node_modules\\google-auth-library\\build\\src\\auth\\oauth2client.js:333:28)","timestamp":"2025-05-06T11:35:03.374Z"}
{"level":"warn","message":"Using a generated session secret. Set SESSION_SECRET in production!","timestamp":"2025-05-06T11:37:16.906Z"}
{"level":"info","message":"Server is running on port 3000","timestamp":"2025-05-06T11:37:23.293Z"}
{"error":{"code":"ERR_OSSL_UNSUPPORTED","library":"DECODER routines","reason":"unsupported"},"level":"error","message":"Error retrieving submitted videos error:1E08010C:DECODER routines::unsupported","stack":"Error: error:1E08010C:DECODER routines::unsupported\n    at Sign.sign (node:internal/crypto/sig:128:29)\n    at Object.sign (E:\\Documents\\London Pages\\Website\\creator\\node_modules\\jwa\\index.js:152:45)\n    at Object.jwsSign [as sign] (E:\\Documents\\London Pages\\Website\\creator\\node_modules\\jws\\lib\\sign-stream.js:32:24)\n    at GoogleToken._GoogleToken_requestToken (E:\\Documents\\London Pages\\Website\\creator\\node_modules\\gtoken\\build\\src\\index.js:235:27)\n    at GoogleToken._GoogleToken_getTokenAsyncInner (E:\\Documents\\London Pages\\Website\\creator\\node_modules\\gtoken\\build\\src\\index.js:180:97)\n    at GoogleToken._GoogleToken_getTokenAsync (E:\\Documents\\London Pages\\Website\\creator\\node_modules\\gtoken\\build\\src\\index.js:160:173)\n    at GoogleToken.getToken (E:\\Documents\\London Pages\\Website\\creator\\node_modules\\gtoken\\build\\src\\index.js:110:102)\n    at JWT.refreshTokenNoCache (E:\\Documents\\London Pages\\Website\\creator\\node_modules\\google-auth-library\\build\\src\\auth\\jwtclient.js:173:36)\n    at JWT.refreshToken (E:\\Documents\\London Pages\\Website\\creator\\node_modules\\google-auth-library\\build\\src\\auth\\oauth2client.js:187:24)\n    at JWT.getRequestMetadataAsync (E:\\Documents\\London Pages\\Website\\creator\\node_modules\\google-auth-library\\build\\src\\auth\\oauth2client.js:333:28)","timestamp":"2025-05-06T11:37:24.116Z"}
{"level":"warn","message":"Using a generated session secret. Set SESSION_SECRET in production!","timestamp":"2025-05-06T11:38:33.051Z"}
{"level":"info","message":"Server is running on port 3000","timestamp":"2025-05-06T11:38:38.176Z"}
{"error":{"code":"ERR_OSSL_UNSUPPORTED","library":"DECODER routines","reason":"unsupported"},"level":"error","message":"Error retrieving submitted videos error:1E08010C:DECODER routines::unsupported","stack":"Error: error:1E08010C:DECODER routines::unsupported\n    at Sign.sign (node:internal/crypto/sig:128:29)\n    at Object.sign (E:\\Documents\\London Pages\\Website\\creator\\node_modules\\jwa\\index.js:152:45)\n    at Object.jwsSign [as sign] (E:\\Documents\\London Pages\\Website\\creator\\node_modules\\jws\\lib\\sign-stream.js:32:24)\n    at GoogleToken._GoogleToken_requestToken (E:\\Documents\\London Pages\\Website\\creator\\node_modules\\gtoken\\build\\src\\index.js:235:27)\n    at GoogleToken._GoogleToken_getTokenAsyncInner (E:\\Documents\\London Pages\\Website\\creator\\node_modules\\gtoken\\build\\src\\index.js:180:97)\n    at GoogleToken._GoogleToken_getTokenAsync (E:\\Documents\\London Pages\\Website\\creator\\node_modules\\gtoken\\build\\src\\index.js:160:173)\n    at GoogleToken.getToken (E:\\Documents\\London Pages\\Website\\creator\\node_modules\\gtoken\\build\\src\\index.js:110:102)\n    at JWT.refreshTokenNoCache (E:\\Documents\\London Pages\\Website\\creator\\node_modules\\google-auth-library\\build\\src\\auth\\jwtclient.js:173:36)\n    at JWT.refreshToken (E:\\Documents\\London Pages\\Website\\creator\\node_modules\\google-auth-library\\build\\src\\auth\\oauth2client.js:187:24)\n    at JWT.getRequestMetadataAsync (E:\\Documents\\London Pages\\Website\\creator\\node_modules\\google-auth-library\\build\\src\\auth\\oauth2client.js:333:28)","timestamp":"2025-05-06T11:38:41.775Z"}
{"level":"warn","message":"Using a generated session secret. Set SESSION_SECRET in production!","timestamp":"2025-05-06T11:39:25.276Z"}
{"level":"info","message":"Server is running on port 3000","timestamp":"2025-05-06T11:39:30.494Z"}
{"error":{"code":"ERR_OSSL_UNSUPPORTED","library":"DECODER routines","reason":"unsupported"},"level":"error","message":"Error retrieving submitted videos error:1E08010C:DECODER routines::unsupported","stack":"Error: error:1E08010C:DECODER routines::unsupported\n    at Sign.sign (node:internal/crypto/sig:128:29)\n    at Object.sign (E:\\Documents\\London Pages\\Website\\creator\\node_modules\\jwa\\index.js:152:45)\n    at Object.jwsSign [as sign] (E:\\Documents\\London Pages\\Website\\creator\\node_modules\\jws\\lib\\sign-stream.js:32:24)\n    at GoogleToken._GoogleToken_requestToken (E:\\Documents\\London Pages\\Website\\creator\\node_modules\\gtoken\\build\\src\\index.js:235:27)\n    at GoogleToken._GoogleToken_getTokenAsyncInner (E:\\Documents\\London Pages\\Website\\creator\\node_modules\\gtoken\\build\\src\\index.js:180:97)\n    at GoogleToken._GoogleToken_getTokenAsync (E:\\Documents\\London Pages\\Website\\creator\\node_modules\\gtoken\\build\\src\\index.js:160:173)\n    at GoogleToken.getToken (E:\\Documents\\London Pages\\Website\\creator\\node_modules\\gtoken\\build\\src\\index.js:110:102)\n    at JWT.refreshTokenNoCache (E:\\Documents\\London Pages\\Website\\creator\\node_modules\\google-auth-library\\build\\src\\auth\\jwtclient.js:173:36)\n    at JWT.refreshToken (E:\\Documents\\London Pages\\Website\\creator\\node_modules\\google-auth-library\\build\\src\\auth\\oauth2client.js:187:24)\n    at JWT.getRequestMetadataAsync (E:\\Documents\\London Pages\\Website\\creator\\node_modules\\google-auth-library\\build\\src\\auth\\oauth2client.js:333:28)","timestamp":"2025-05-06T11:39:33.244Z"}
{"level":"warn","message":"Using a generated session secret. Set SESSION_SECRET in production!","timestamp":"2025-05-06T11:43:43.990Z"}
{"level":"info","message":"Server is running on port 3000","timestamp":"2025-05-06T11:43:48.576Z"}
{"file":{"destination":"E:\\Documents\\London Pages\\Website\\creator\\uploads\\84b9c67c-1460-4a0b-b676-c7fecc3edf74","encoding":"7bit","fieldname":"videoFile","filename":"1746535580020-854077047.mp4","mimetype":"video/mp4","originalname":"WANT TO HAVE 'PUBLIC SPEAKING MASTERY'？ follow just these 3 steps✅🎤🎙️.mp4","path":"E:\\Documents\\London Pages\\Website\\creator\\uploads\\84b9c67c-1460-4a0b-b676-c7fecc3edf74\\1746535580020-854077047.mp4","size":5184375},"level":"info","message":"File exists immediately after multer upload","path":"E:\\Documents\\London Pages\\Website\\creator\\uploads\\84b9c67c-1460-4a0b-b676-c7fecc3edf74\\1746535580020-854077047.mp4","timestamp":"2025-05-06T12:46:20.272Z"}
{"level":"warn","message":"Using a generated session secret. Set SESSION_SECRET in production!","timestamp":"2025-05-06T14:31:28.306Z"}
{"level":"info","message":"Server is running on port 3000","timestamp":"2025-05-06T14:31:38.244Z"}
{"id":"15CdCA73c0hRS9KJXWkWb0Bpbqw4avoH1","level":"info","message":"Deleted file","name":"Transcripts","timestamp":"2025-05-06T14:40:37.765Z"}
{"id":"1Fp3HeEYprFzHruIH2X9Fmwd7ydI2OeMU","level":"info","message":"Deleted file","name":"Non-translated Videos","timestamp":"2025-05-06T14:40:38.474Z"}
{"id":"1a1K3Wl0u2mN53StU4_qb71nF2zR99mu6","level":"info","message":"Deleted file","name":"Translated Videos","timestamp":"2025-05-06T14:40:39.295Z"}
{"id":"1dgtNXvWLIEqWpvAwHGJnTBxpBTs8AKSS","level":"info","message":"Deleted file","name":"rajthakkar2@gmail.com","timestamp":"2025-05-06T14:40:40.012Z"}
{"id":"1KYP0N6Kl_pdkysch-pqs96YK3m8w3v-5","level":"info","message":"Deleted file","name":"1744809839621-746286643-Test video - Made with Clipchamp.mp4","timestamp":"2025-05-06T14:40:40.932Z"}
{"id":"1nQn5X_2zMLQf6-PHYZTwvnofMSJo6IFS","level":"info","message":"Deleted file","name":"1744617674191-677009075-How to Stop Procrastinating and Finally Take Action.mp4","timestamp":"2025-05-06T14:40:41.957Z"}
{"id":"1T2J5JpauCgkI69DFgx-NpgACfJ4Yas8A","level":"info","message":"Deleted file","name":"Transcripts","timestamp":"2025-05-06T14:40:42.674Z"}
{"id":"1Ljch4iiZOq_Rozbv-SAuzXzoR7qamkPi","level":"info","message":"Deleted file","name":"Non-translated Videos","timestamp":"2025-05-06T14:40:43.390Z"}
{"id":"1TwRvtUyqV1PN5DzYqB4bFdD-QjMv34ME","level":"info","message":"Deleted file","name":"Translated Videos","timestamp":"2025-05-06T14:40:46.498Z"}
{"id":"1C31Kuf-qQi6x9avQ4imQypDzZeLll116","level":"info","message":"Deleted file","name":"rajthakkar1234500@gmail.com","timestamp":"2025-05-06T14:40:47.384Z"}
{"level":"warn","message":"Using a generated session secret. Set SESSION_SECRET in production!","timestamp":"2025-05-09T09:05:51.898Z"}
{"level":"info","message":"Server is running on port 3000","timestamp":"2025-05-09T09:05:58.038Z"}
{"level":"warn","message":"Using a generated session secret. Set SESSION_SECRET in production!","timestamp":"2025-05-09T09:27:31.020Z"}
{"level":"info","message":"Server is running on port 3000","timestamp":"2025-05-09T09:27:48.178Z"}
{"error":{},"level":"error","message":"Security incident: Malware detected or scan error ClamAV service unavailable.","stack":"Error: ClamAV service unavailable.\n    at E:\\Documents\\London Pages\\Website\\creator\\routes\\dashboard.js:67:31\n    at Socket.<anonymous> (E:\\Documents\\London Pages\\Website\\creator\\node_modules\\clamav.js\\index.js:147:5)\n    at Socket.emit (node:events:518:28)\n    at emitErrorNT (node:internal/streams/destroy:169:8)\n    at emitErrorCloseNT (node:internal/streams/destroy:128:3)\n    at process.processTicksAndRejections (node:internal/process/task_queues:82:21)","timestamp":"2025-05-09T09:29:34.232Z"}
{"error":{"code":"ECONNRESET","errno":-4077,"syscall":"read"},"level":"error","message":"Security incident: Malware detected or scan error read ECONNRESET","stack":"Error: read ECONNRESET\n    at TCP.onStreamRead (node:internal/stream_base_commons:217:20)","timestamp":"2025-05-09T09:34:33.908Z"}
{"level":"warn","message":"Using a generated session secret. Set SESSION_SECRET in production!","timestamp":"2025-05-10T10:32:35.684Z"}
{"level":"info","message":"Server is running on port 3000","timestamp":"2025-05-10T10:32:44.168Z"}
{"level":"warn","message":"Using a generated session secret. Set SESSION_SECRET in production!","timestamp":"2025-05-10T10:50:23.824Z"}
{"level":"info","message":"Server is running on port 3000","timestamp":"2025-05-10T10:50:30.236Z"}
{"level":"warn","message":"Using a generated session secret. Set SESSION_SECRET in production!","timestamp":"2025-05-10T12:13:14.511Z"}
{"level":"info","message":"Server is running on port 3000","timestamp":"2025-05-10T12:13:21.435Z"}
{"error":{"code":9,"details":"The query requires an index. You can create it here: https://console.firebase.google.com/v1/r/project/london-pages-ea7c5/firestore/indexes?create_composite=Clhwcm9qZWN0cy9sb25kb24tcGFnZXMtZWE3YzUvZGF0YWJhc2VzLyhkZWZhdWx0KS9jb2xsZWN0aW9uR3JvdXBzL3VwbG9hZGVkRmlsZXMvaW5kZXhlcy9fEAEaDQoJdXNlckVtYWlsEAEaDgoKdXBsb2FkRGF0ZRACGgwKCF9fbmFtZV9fEAI","metadata":{"x-debug-tracking-id":["2295122493567033233;o=1"]}},"level":"error","message":"Error fetching user videos","timestamp":"2025-05-10T12:13:26.297Z"}
{"error":{"code":9,"details":"The query requires an index. You can create it here: https://console.firebase.google.com/v1/r/project/london-pages-ea7c5/firestore/indexes?create_composite=Clhwcm9qZWN0cy9sb25kb24tcGFnZXMtZWE3YzUvZGF0YWJhc2VzLyhkZWZhdWx0KS9jb2xsZWN0aW9uR3JvdXBzL3VwbG9hZGVkRmlsZXMvaW5kZXhlcy9fEAEaDQoJdXNlckVtYWlsEAEaDgoKdXBsb2FkRGF0ZRACGgwKCF9fbmFtZV9fEAI","metadata":{"x-debug-tracking-id":["17984832280514029853;o=1"]}},"level":"error","message":"Error fetching user videos","timestamp":"2025-05-10T12:14:41.537Z"}
{"error":{"code":9,"details":"The query requires an index. You can create it here: https://console.firebase.google.com/v1/r/project/london-pages-ea7c5/firestore/indexes?create_composite=Clhwcm9qZWN0cy9sb25kb24tcGFnZXMtZWE3YzUvZGF0YWJhc2VzLyhkZWZhdWx0KS9jb2xsZWN0aW9uR3JvdXBzL3VwbG9hZGVkRmlsZXMvaW5kZXhlcy9fEAEaDQoJdXNlckVtYWlsEAEaDgoKdXBsb2FkRGF0ZRACGgwKCF9fbmFtZV9fEAI","metadata":{"x-debug-tracking-id":["4815371107174418821;o=1"]}},"level":"error","message":"Error fetching user videos","timestamp":"2025-05-10T12:14:49.276Z"}
{"level":"warn","message":"Using a generated session secret. Set SESSION_SECRET in production!","timestamp":"2025-05-10T12:23:18.466Z"}
{"level":"info","message":"Server is running on port 3000","timestamp":"2025-05-10T12:23:23.764Z"}
{"level":"warn","message":"Using a generated session secret. Set SESSION_SECRET in production!","timestamp":"2025-05-10T12:24:32.828Z"}
{"level":"info","message":"Server is running on port 3000","timestamp":"2025-05-10T12:24:39.102Z"}
{"level":"warn","message":"Using a generated session secret. Set SESSION_SECRET in production!","timestamp":"2025-05-10T12:25:58.464Z"}
{"level":"info","message":"Server is running on port 3000","timestamp":"2025-05-10T12:26:08.248Z"}
{"level":"warn","message":"Using a generated session secret. Set SESSION_SECRET in production!","timestamp":"2025-05-10T12:28:34.471Z"}
{"level":"info","message":"Server is running on port 3000","timestamp":"2025-05-10T12:28:40.476Z"}
{"level":"warn","message":"Using a generated session secret. Set SESSION_SECRET in production!","timestamp":"2025-05-10T13:40:30.546Z"}
{"level":"info","message":"Server is running on port 3000","timestamp":"2025-05-10T13:40:39.237Z"}
{"level":"warn","message":"Using a generated session secret. Set SESSION_SECRET in production!","timestamp":"2025-05-10T14:26:36.634Z"}
{"level":"info","message":"Server is running on port 3000","timestamp":"2025-05-10T14:26:42.704Z"}
{"level":"warn","message":"Using a generated session secret. Set SESSION_SECRET in production!","timestamp":"2025-05-11T05:26:02.873Z"}
{"level":"info","message":"Server is running on port 3000","timestamp":"2025-05-11T05:26:11.286Z"}
{"level":"warn","message":"Using a generated session secret. Set SESSION_SECRET in production!","timestamp":"2025-05-11T06:34:27.489Z"}
{"level":"info","message":"Server is running on port 3000","timestamp":"2025-05-11T06:34:35.441Z"}
{"level":"warn","message":"Using a generated session secret. Set SESSION_SECRET in production!","timestamp":"2025-05-11T06:36:27.800Z"}
{"level":"info","message":"Server is running on port 3000","timestamp":"2025-05-11T06:36:32.720Z"}
